<?xml version="1.0" encoding="UTF-8"?>
<!-- Generated by org.testng.reporters.JUnitReportReporter -->
<testsuite hostname="IN3261049W1" failures="0" tests="7" name="com.learnautomation.testcases.LoginToApplication" time="33.648" errors="0" timestamp="2022-08-09T21:31:29 IST" skipped="1">
  <testcase classname="com.learnautomation.testcases.LoginToApplication" name="Login" time="4.778"/>
  <system-out/>
  <testcase classname="com.learnautomation.testcases.LoginToApplication" name="Login" time="9.482"/>
  <system-out/>
  <testcase classname="com.learnautomation.testcases.LoginToApplication" name="Login" time="4.904"/>
  <system-out/>
  <testcase classname="com.learnautomation.testcases.LoginToApplication" name="Login" time="0.018">
    <skipped/>
  </testcase> <!-- Login -->
  <system-out/>
  <testcase classname="com.learnautomation.testcases.LoginToApplication" name="Login" time="4.672"/>
  <system-out/>
  <testcase classname="com.learnautomation.testcases.LoginToApplication" name="Login" time="4.795"/>
  <system-out/>
  <testcase classname="com.learnautomation.testcases.LoginToApplication" name="Login" time="4.999"/>
  <system-out/>
</testsuite> <!-- com.learnautomation.testcases.LoginToApplication -->
